<?xml version="1.0" encoding="UTF-8"?>
<!-- Generated by org.testng.reporters.JUnitReportReporter -->
<testsuite skipped="0" hostname="DESKTOP-8PSOR20" name="hw10Q2selenium.Cvs" tests="8" failures="0" timestamp="2021-09-08T20:57:51 EDT" time="29.903" errors="0">
  <testcase name="getMethod" time="5.616" classname="hw10Q2selenium.Cvs"/>
  <system-out/>
  <testcase name="getMaximizeMethod" time="3.147" classname="hw10Q2selenium.Cvs"/>
  <system-out/>
  <testcase name="getClickMethod" time="5.234" classname="hw10Q2selenium.Cvs"/>
  <system-out/>
  <testcase name="isDisplayed" time="2.074" classname="hw10Q2selenium.Cvs"/>
  <system-out/>
  <testcase name="isEnabled" time="3.039" classname="hw10Q2selenium.Cvs"/>
  <system-out/>
  <testcase name="isSelected" time="3.039" classname="hw10Q2selenium.Cvs"/>
  <system-out/>
  <testcase name="navigateMethod" time="4.650" classname="hw10Q2selenium.Cvs"/>
  <system-out/>
  <testcase name="sendKeyMethod" time="3.104" classname="hw10Q2selenium.Cvs"/>
  <system-out/>
</testsuite> <!-- hw10Q2selenium.Cvs -->
